\BOOKMARK [0][-]{part.1}{I Exercice 1}{}
\BOOKMARK [0][-]{part.2}{II Exercice 2}{}
\BOOKMARK [0][-]{part.3}{III Exercice 3}{}
\BOOKMARK [1][-]{section.3.1}{Fonction 1-z-12}{part.3}
\BOOKMARK [2][-]{subsection.3.1.1}{R\351ponse impulsionnelle}{section.3.1}
\BOOKMARK [2][-]{subsection.3.1.2}{R\351ponse indicielle}{section.3.1}
\BOOKMARK [2][-]{subsection.3.1.3}{Les z\351ros et les p\364les}{section.3.1}
\BOOKMARK [1][-]{section.3.2}{Fonction 1+z-12}{part.3}
\BOOKMARK [2][-]{subsection.3.2.1}{R\351ponse impulsionnelle}{section.3.2}
\BOOKMARK [2][-]{subsection.3.2.2}{R\351ponse indicielle}{section.3.2}
\BOOKMARK [2][-]{subsection.3.2.3}{Les z\351ros et les p\364les}{section.3.2}
\BOOKMARK [1][-]{section.3.3}{Fonction 1-z-22}{part.3}
\BOOKMARK [2][-]{subsection.3.3.1}{R\351ponse impulsionnelle}{section.3.3}
\BOOKMARK [2][-]{subsection.3.3.2}{R\351ponse indicielle}{section.3.3}
\BOOKMARK [2][-]{subsection.3.3.3}{Les z\351ros et les p\364les}{section.3.3}
\BOOKMARK [1][-]{section.3.4}{Fonction 2z-12-z-1}{part.3}
\BOOKMARK [2][-]{subsection.3.4.1}{R\351ponse impulsionnelle}{section.3.4}
\BOOKMARK [2][-]{subsection.3.4.2}{R\351ponse indicielle}{section.3.4}
\BOOKMARK [2][-]{subsection.3.4.3}{Les z\351ros et les p\364les}{section.3.4}
\BOOKMARK [1][-]{section.3.5}{Fonction 2z-1-z-52-z-1}{part.3}
\BOOKMARK [2][-]{subsection.3.5.1}{R\351ponse impulsionnelle}{section.3.5}
\BOOKMARK [2][-]{subsection.3.5.2}{R\351ponse indicielle}{section.3.5}
\BOOKMARK [2][-]{subsection.3.5.3}{Les z\351ros et les p\364les}{section.3.5}
\BOOKMARK [0][-]{part.4}{IV Exercice 4}{}
\BOOKMARK [0][-]{part.5}{V Exercice 5}{}
\BOOKMARK [0][-]{part.6}{VI Exercice 6}{}
\BOOKMARK [0][-]{part.7}{VII Annexe}{}
\BOOKMARK [1][-]{section.7.1}{Exercice1}{part.7}
\BOOKMARK [1][-]{section.7.2}{Exercice2}{part.7}
\BOOKMARK [1][-]{section.7.3}{Exercice3}{part.7}
\BOOKMARK [2][-]{subsection.7.3.1}{Fonction 1-z-12}{section.7.3}
\BOOKMARK [2][-]{subsection.7.3.2}{Fonction 1+z-12}{section.7.3}
\BOOKMARK [2][-]{subsection.7.3.3}{Fonction 1-z-22}{section.7.3}
\BOOKMARK [2][-]{subsection.7.3.4}{Fonction 2z-12-z-1}{section.7.3}
\BOOKMARK [2][-]{subsection.7.3.5}{Fonction 2z-1-z-52-z-1}{section.7.3}
\BOOKMARK [1][-]{section.7.4}{Exercice 4}{part.7}
\BOOKMARK [1][-]{section.7.5}{Exercice 5}{part.7}
\BOOKMARK [1][-]{section.7.6}{Exercice 6}{part.7}
\BOOKMARK [1][-]{section.7.7}{Exercice 7}{part.7}
\BOOKMARK [1][-]{section.7.8}{Fonction \351chelon}{part.7}
